[2021-10-15T12:52:45.644Z] INFO: Express server started on port: 3000
[2021-10-15T12:53:16.766Z] ERROR: TypeError: Cannot read properties of undefined (reading 'substring')
    at new InMemorySigner (/Users/paulmorizot/Documents/Hackday/hackday21_sandblockapi/node_modules/@taquito/signer/dist/taquito-signer.umd.js:386:33)
    at Function.<anonymous> (/Users/paulmorizot/Documents/Hackday/hackday21_sandblockapi/node_modules/@taquito/signer/dist/taquito-signer.umd.js:428:51)
    at step (/Users/paulmorizot/Documents/Hackday/hackday21_sandblockapi/node_modules/@taquito/signer/dist/taquito-signer.umd.js:61:27)
    at Object.next (/Users/paulmorizot/Documents/Hackday/hackday21_sandblockapi/node_modules/@taquito/signer/dist/taquito-signer.umd.js:42:57)
    at fulfilled (/Users/paulmorizot/Documents/Hackday/hackday21_sandblockapi/node_modules/@taquito/signer/dist/taquito-signer.umd.js:32:62)
    at processTicksAndRejections (node:internal/process/task_queues:96:5)
[2021-10-15T12:53:25.934Z] ERROR: TypeError: Cannot read properties of undefined (reading 'substring')
    at new InMemorySigner (/Users/paulmorizot/Documents/Hackday/hackday21_sandblockapi/node_modules/@taquito/signer/dist/taquito-signer.umd.js:386:33)
    at Function.<anonymous> (/Users/paulmorizot/Documents/Hackday/hackday21_sandblockapi/node_modules/@taquito/signer/dist/taquito-signer.umd.js:428:51)
    at step (/Users/paulmorizot/Documents/Hackday/hackday21_sandblockapi/node_modules/@taquito/signer/dist/taquito-signer.umd.js:61:27)
    at Object.next (/Users/paulmorizot/Documents/Hackday/hackday21_sandblockapi/node_modules/@taquito/signer/dist/taquito-signer.umd.js:42:57)
    at fulfilled (/Users/paulmorizot/Documents/Hackday/hackday21_sandblockapi/node_modules/@taquito/signer/dist/taquito-signer.umd.js:32:62)
    at processTicksAndRejections (node:internal/process/task_queues:96:5)
[2021-10-15T12:54:13.124Z] ERROR: TypeError: Cannot read properties of undefined (reading 'substring')
    at new InMemorySigner (/Users/paulmorizot/Documents/Hackday/hackday21_sandblockapi/node_modules/@taquito/signer/dist/taquito-signer.umd.js:386:33)
    at Function.<anonymous> (/Users/paulmorizot/Documents/Hackday/hackday21_sandblockapi/node_modules/@taquito/signer/dist/taquito-signer.umd.js:428:51)
    at step (/Users/paulmorizot/Documents/Hackday/hackday21_sandblockapi/node_modules/@taquito/signer/dist/taquito-signer.umd.js:61:27)
    at Object.next (/Users/paulmorizot/Documents/Hackday/hackday21_sandblockapi/node_modules/@taquito/signer/dist/taquito-signer.umd.js:42:57)
    at fulfilled (/Users/paulmorizot/Documents/Hackday/hackday21_sandblockapi/node_modules/@taquito/signer/dist/taquito-signer.umd.js:32:62)
    at processTicksAndRejections (node:internal/process/task_queues:96:5)
[2021-10-15T12:56:32.525Z] ERROR: TypeError: Cannot read properties of undefined (reading 'substring')
    at new InMemorySigner (/Users/paulmorizot/Documents/Hackday/hackday21_sandblockapi/node_modules/@taquito/signer/dist/taquito-signer.umd.js:386:33)
    at Function.<anonymous> (/Users/paulmorizot/Documents/Hackday/hackday21_sandblockapi/node_modules/@taquito/signer/dist/taquito-signer.umd.js:428:51)
    at step (/Users/paulmorizot/Documents/Hackday/hackday21_sandblockapi/node_modules/@taquito/signer/dist/taquito-signer.umd.js:61:27)
    at Object.next (/Users/paulmorizot/Documents/Hackday/hackday21_sandblockapi/node_modules/@taquito/signer/dist/taquito-signer.umd.js:42:57)
    at fulfilled (/Users/paulmorizot/Documents/Hackday/hackday21_sandblockapi/node_modules/@taquito/signer/dist/taquito-signer.umd.js:32:62)
    at processTicksAndRejections (node:internal/process/task_queues:96:5)
